[soil_master-334BU6HP7ZUDNTUBIASDDTBNNUA6574M64EMF5MPSIEEUZV6SRLQ] Running shell script
+ ./configure --enable-gcov
checking for a BSD-compatible install... /usr/bin/install -c
checking whether build environment is sane... yes
checking for a thread-safe mkdir -p... /bin/mkdir -p
checking for gawk... gawk
checking whether make sets $(MAKE)... yes
checking for g++... g++
checking for C++ compiler default output file name... a.out
checking whether the C++ compiler works... yes
checking whether we are cross compiling... no
checking for suffix of executables... 
checking for suffix of object files... o
checking whether we are using the GNU C++ compiler... yes
checking whether g++ accepts -g... yes
checking for style of include used by make... GNU
checking dependency style of g++... gcc3
checking for gcc... gcc
checking whether we are using the GNU C compiler... yes
checking whether gcc accepts -g... yes
checking for gcc option to accept ISO C89... none needed
checking dependency style of gcc... gcc3
checking build system type... x86_64-unknown-linux-gnu
checking host system type... x86_64-unknown-linux-gnu
checking for a sed that does not truncate output... /bin/sed
checking for grep that handles long lines and -e... /bin/grep
checking for egrep... /bin/grep -E
checking for fgrep... /bin/grep -F
checking for ld used by gcc... /opt/rh/devtoolset-2/root/usr/libexec/gcc/x86_64-redhat-linux/4.8.2/ld
checking if the linker (/opt/rh/devtoolset-2/root/usr/libexec/gcc/x86_64-redhat-linux/4.8.2/ld) is GNU ld... yes
checking for BSD- or MS-compatible name lister (nm)... /opt/rh/devtoolset-2/root/usr/bin/nm -B
checking the name lister (/opt/rh/devtoolset-2/root/usr/bin/nm -B) interface... BSD nm
checking whether ln -s works... yes
checking the maximum length of command line arguments... 1572864
checking whether the shell understands some XSI constructs... yes
checking whether the shell understands "+="... yes
checking for /opt/rh/devtoolset-2/root/usr/libexec/gcc/x86_64-redhat-linux/4.8.2/ld option to reload object files... -r
checking for objdump... objdump
checking how to recognize dependent libraries... pass_all
checking for ar... ar
checking for strip... strip
checking for ranlib... ranlib
checking command to parse /opt/rh/devtoolset-2/root/usr/bin/nm -B output from gcc object... ok
checking how to run the C preprocessor... gcc -E
checking for ANSI C header files... yes
checking for sys/types.h... yes
checking for sys/stat.h... yes
checking for stdlib.h... yes
checking for string.h... yes
checking for memory.h... yes
checking for strings.h... yes
checking for inttypes.h... yes
checking for stdint.h... yes
checking for unistd.h... yes
checking for dlfcn.h... yes
checking whether we are using the GNU C++ compiler... (cached) yes
checking whether g++ accepts -g... (cached) yes
checking dependency style of g++... (cached) gcc3
checking how to run the C++ preprocessor... g++ -E
checking for objdir... .libs
checking if gcc supports -fno-rtti -fno-exceptions... no
checking for gcc option to produce PIC... -fPIC -DPIC
checking if gcc PIC flag -fPIC -DPIC works... yes
checking if gcc static flag -static works... no
checking if gcc supports -c -o file.o... yes
checking if gcc supports -c -o file.o... (cached) yes
checking whether the gcc linker (/opt/rh/devtoolset-2/root/usr/libexec/gcc/x86_64-redhat-linux/4.8.2/ld -m elf_x86_64) supports shared libraries... yes
checking whether -lc should be explicitly linked in... no
checking dynamic linker characteristics... GNU/Linux ld.so
checking how to hardcode library paths into programs... immediate
checking whether stripping libraries is possible... yes
checking if libtool supports shared libraries... yes
checking whether to build shared libraries... yes
checking whether to build static libraries... yes
checking for ld used by g++... /opt/rh/devtoolset-2/root/usr/libexec/gcc/x86_64-redhat-linux/4.8.2/ld -m elf_x86_64
checking if the linker (/opt/rh/devtoolset-2/root/usr/libexec/gcc/x86_64-redhat-linux/4.8.2/ld -m elf_x86_64) is GNU ld... yes
checking whether the g++ linker (/opt/rh/devtoolset-2/root/usr/libexec/gcc/x86_64-redhat-linux/4.8.2/ld -m elf_x86_64) supports shared libraries... yes
checking for g++ option to produce PIC... -fPIC -DPIC
checking if g++ PIC flag -fPIC -DPIC works... yes
checking if g++ static flag -static works... no
checking if g++ supports -c -o file.o... yes
checking if g++ supports -c -o file.o... (cached) yes
checking whether the g++ linker (/opt/rh/devtoolset-2/root/usr/libexec/gcc/x86_64-redhat-linux/4.8.2/ld -m elf_x86_64) supports shared libraries... yes
checking dynamic linker characteristics... GNU/Linux ld.so
checking how to hardcode library paths into programs... immediate
checking for ranlib... (cached) ranlib
checking whether g++ supports C++11 features by default... no
checking whether g++ supports C++11 features with -std=c++11... yes
checking for gcov... gcov
checking for shtool... no
checking for lcov... lcov
checking for genhtml... genhtml
checking for lcov version... 1.0 (ok)
configure: creating ./config.status
config.status: creating Makefile
config.status: creating soil/Makefile
config.status: creating libs/Makefile
config.status: creating utest/Makefile
config.status: executing depfiles commands
config.status: executing libtool commands
+ make coverage-html
make  -k check
make[1]: Entering directory `/var/jenkins_home/workspace/soil_master-334BU6HP7ZUDNTUBIASDDTBNNUA6574M64EMF5MPSIEEUZV6SRLQ'
Making check in soil
make[2]: Entering directory `/var/jenkins_home/workspace/soil_master-334BU6HP7ZUDNTUBIASDDTBNNUA6574M64EMF5MPSIEEUZV6SRLQ/soil'
make[2]: Nothing to be done for `check'.
make[2]: Leaving directory `/var/jenkins_home/workspace/soil_master-334BU6HP7ZUDNTUBIASDDTBNNUA6574M64EMF5MPSIEEUZV6SRLQ/soil'
Making check in libs
make[2]: Entering directory `/var/jenkins_home/workspace/soil_master-334BU6HP7ZUDNTUBIASDDTBNNUA6574M64EMF5MPSIEEUZV6SRLQ/libs'
make[2]: Nothing to be done for `check'.
make[2]: Leaving directory `/var/jenkins_home/workspace/soil_master-334BU6HP7ZUDNTUBIASDDTBNNUA6574M64EMF5MPSIEEUZV6SRLQ/libs'
Making check in utest
make[2]: Entering directory `/var/jenkins_home/workspace/soil_master-334BU6HP7ZUDNTUBIASDDTBNNUA6574M64EMF5MPSIEEUZV6SRLQ/utest'
make  unittest
make[3]: Entering directory `/var/jenkins_home/workspace/soil_master-334BU6HP7ZUDNTUBIASDDTBNNUA6574M64EMF5MPSIEEUZV6SRLQ/utest'
make[3]: `unittest' is up to date.
make[3]: Leaving directory `/var/jenkins_home/workspace/soil_master-334BU6HP7ZUDNTUBIASDDTBNNUA6574M64EMF5MPSIEEUZV6SRLQ/utest'
make  check-TESTS
make[3]: Entering directory `/var/jenkins_home/workspace/soil_master-334BU6HP7ZUDNTUBIASDDTBNNUA6574M64EMF5MPSIEEUZV6SRLQ/utest'
Running main() from gtest_main.cc
[==========] Running 18 tests from 11 test cases.
[----------] Global test environment set-up.
[----------] 3 tests from JsonTest
[ RUN      ] JsonTest.getValueTest
[       OK ] JsonTest.getValueTest (0 ms)
[ RUN      ] JsonTest.escapeTest
[2018-02-12 13:35:10.277470] [debug] [json_test.cc line #93] s.GetString(): {"test":"123 \u0000 456"}
[2018-02-12 13:35:10.277562] [debug] [json_test.cc line #107] esp_test: 123 \u0000 456
[       OK ] JsonTest.escapeTest (0 ms)
[ RUN      ] JsonTest.writeValueTest
[2018-02-12 13:35:10.277590] [debug] [json_test.cc line #139] sb.GetString(): {
    "test1": "\u0000",
    "test2": "test test",
    "test3": false,
    "test4": 500,
    "test5": "12345",
    "test6": "ttttt",
    "test7": "ttttt",
    "test8": 100
}
[       OK ] JsonTest.writeValueTest (0 ms)
[----------] 3 tests from JsonTest (0 ms total)

[----------] 1 test from ReaderWriterQueueTest
[ RUN      ] ReaderWriterQueueTest.queueTest
[2018-02-12 13:35:10.277689] [info] [reader_writer_queue_test.cc line #46] onStart()
[2018-02-12 13:35:10.277701] [info] [reader_writer_queue_test.cc line #42] msgCallback() - msg: 0
[2018-02-12 13:35:10.277708] [info] [reader_writer_queue_test.cc line #42] msgCallback() - msg: 1
[2018-02-12 13:35:10.277715] [info] [reader_writer_queue_test.cc line #42] msgCallback() - msg: 2
[2018-02-12 13:35:10.277720] [info] [reader_writer_queue_test.cc line #42] msgCallback() - msg: 3
[2018-02-12 13:35:10.277725] [info] [reader_writer_queue_test.cc line #42] msgCallback() - msg: 4
[2018-02-12 13:35:10.277730] [info] [reader_writer_queue_test.cc line #42] msgCallback() - msg: 5
[2018-02-12 13:35:10.277746] [info] [reader_writer_queue_test.cc line #42] msgCallback() - msg: 6
[2018-02-12 13:35:10.277752] [info] [reader_writer_queue_test.cc line #42] msgCallback() - msg: 7
[2018-02-12 13:35:10.277758] [info] [reader_writer_queue_test.cc line #42] msgCallback() - msg: 8
[2018-02-12 13:35:10.277763] [info] [reader_writer_queue_test.cc line #42] msgCallback() - msg: 9
[2018-02-12 13:35:11.277851] [info] [reader_writer_queue_test.cc line #50] onStop()
[       OK ] ReaderWriterQueueTest.queueTest (1000 ms)
[----------] 1 test from ReaderWriterQueueTest (1000 ms total)

[----------] 1 test from RingQueueTest
[ RUN      ] RingQueueTest.allTest
[       OK ] RingQueueTest.allTest (0 ms)
[----------] 1 test from RingQueueTest (0 ms total)

[----------] 1 test from LogTest
[ RUN      ] LogTest.logTest
[2018-02-12 13:35:11.278397] [trace] [log_test.cc line #59] This is a trace log
[2018-02-12 13:35:11.278417] [debug] [log_test.cc line #60] This is a debug log
[2018-02-12 13:35:11.278427] [info] [log_test.cc line #61] This is a info log
[2018-02-12 13:35:11.278435] [warning] [log_test.cc line #62] This is a warn log
[2018-02-12 13:35:11.278443] [error] [log_test.cc line #63] This is a error log
[2018-02-12 13:35:11.278451] [critical] [log_test.cc line #64] This is a critical log
[2018-02-12 13:35:11.278458] [trace] [log_test.cc line #66] This is a trace_if log
[2018-02-12 13:35:11.278466] [debug] [log_test.cc line #67] This is a debug_if log
[2018-02-12 13:35:11.278473] [info] [log_test.cc line #68] This is a info_if log
[2018-02-12 13:35:11.278481] [warning] [log_test.cc line #69] This is a warn_if log
[2018-02-12 13:35:11.278489] [error] [log_test.cc line #70] This is a error_if log
[2018-02-12 13:35:11.278497] [critical] [log_test.cc line #71] This is a critical_if log
[2018-02-12 13:35:11.278504] [info] [log_test.cc line #74] Point is (3.2, 4.5)
[2018-02-12 13:35:11.278561] [trace] [log_test.cc line #76] TestBody()
[2018-02-12 13:35:11.278571] [debug] [log_test.cc line #79] test_print: hello, print.
[2018-02-12 13:35:11.278580] [debug] [log_test.cc line #82] &test: 100
[2018-02-12 13:35:11.278589] [debug] [log_test.cc line #85] &tt: test pointer
[       OK ] LogTest.logTest (0 ms)
[----------] 1 test from LogTest (0 ms total)

[----------] 2 tests from STimerTest
[ RUN      ] STimerTest.wait2STest
[       OK ] STimerTest.wait2STest (2000 ms)
[ RUN      ] STimerTest.notifyTest
[       OK ] STimerTest.notifyTest (1001 ms)
[----------] 2 tests from STimerTest (3001 ms total)

[----------] 1 test from DataFileTest
[ RUN      ] DataFileTest.dataFileTest
[2018-02-12 13:35:14.279597] [trace] [data_file.cc line #42] onMsg()
[2018-02-12 13:35:14.279604] [trace] [data_file.cc line #68] ~DataFile()
[2018-02-12 13:35:14.279650] [trace] [data_file.cc line #76] outData()
[2018-02-12 13:35:14.279665] [trace] [data_file_test.cc line #45] writeToFile()
[2018-02-12 13:35:14.279677] [debug] [data_file_test.cc line #47] x_: 1
[2018-02-12 13:35:14.279686] [debug] [data_file_test.cc line #48] y_: 2
[2018-02-12 13:35:14.279720] [trace] [data_file.cc line #42] onMsg()
[2018-02-12 13:35:14.279731] [trace] [data_file.cc line #76] outData()
[2018-02-12 13:35:14.279739] [trace] [data_file_test.cc line #45] writeToFile()
[2018-02-12 13:35:14.279748] [debug] [data_file_test.cc line #47] x_: 2
[2018-02-12 13:35:14.279756] [debug] [data_file_test.cc line #48] y_: 3
[       OK ] DataFileTest.dataFileTest (1001 ms)
[----------] 1 test from DataFileTest (1001 ms total)

[----------] 1 test from MacroTest
[ RUN      ] MacroTest.rangeForTest
Hello, world!
1 2 3 
2 3 4 
[       OK ] MacroTest.rangeForTest (0 ms)
[----------] 1 test from MacroTest (0 ms total)

[----------] 4 tests from DateTimeTest
[ RUN      ] DateTimeTest.dateTimeTest
2018-02-12 13:35:15.280266725
2018-02-12 13:35:15.280266725
[2018-02-12 13:35:15.280322] [debug] [date_time_test.cc line #47] cur time: 2018-02-12 13:35:15.280266725
2018-02-12 10:10:20.000000000
2015-11-18 00:00:00.000000000
2016-06-01 01:47:41.613184321
[       OK ] DateTimeTest.dateTimeTest (0 ms)
[ RUN      ] DateTimeTest.operatorTest
2018-02-12 13:35:15.280759526
2018-02-12 13:35:15.380759526
2018-02-12 13:35:35.380759526
2018-02-12 13:35:15.280790439
20099969087 nano seconds.
[       OK ] DateTimeTest.operatorTest (0 ms)
[ RUN      ] DateTimeTest.getStringTest
[       OK ] DateTimeTest.getStringTest (0 ms)
[ RUN      ] DateTimeTest.nowTest
[       OK ] DateTimeTest.nowTest (0 ms)
[----------] 4 tests from DateTimeTest (0 ms total)

[----------] 2 tests from StringTest
[ RUN      ] StringTest.splitTest
set:
Hello world 
vec:
Hello world 
[       OK ] StringTest.splitTest (0 ms)
[ RUN      ] StringTest.toUpper
[       OK ] StringTest.toUpper (0 ms)
[----------] 2 tests from StringTest (0 ms total)

[----------] 1 test from DemangleTest
[ RUN      ] DemangleTest.demangleTest
[       OK ] DemangleTest.demangleTest (0 ms)
[----------] 1 test from DemangleTest (0 ms total)

[----------] 1 test from HexdumpTest
[ RUN      ] HexdumpTest.allTest
[2018-02-12 13:35:15.281027] [info] [hexdump_test.cc line #40] allTest
  0000  61 66 61 6a 66 70 61 73 64 6a 66 64 6f 66 6a 32  afajfpasdjfdofj2
  0010  33 34 32 33 34 32 33 61 73 66 61 66 6f 65 72 69  3423423asfafoeri

[2018-02-12 13:35:15.281072] [info] [hexdump_test.cc line #45] allTest
  0000  67 45 8b 6b c6 23 7b 32 69 98 3c 64 73 48 33 66  gE.k.#{2i.<dsH3f
  0010  51 dc b0 74 ff 5c 49 19 4a 94 e8 2a ec 58 55 62  Q..t.\I.J..*.XUb
  0020  29 1f 8e 23 cd 7c e8 46 ba 58 1b 3d ab d7 7e 50  )..#.|.F.X.=..~P
  0030  f2 41 b1 2e fb 1e b7 41 e3 a9 e2 79 46 e1 45 75  .A.....A...yF.Eu
  0040  7c 00 5f 51 c2 62 d0 5b 54 08 20 12 f8 27 b1 4d  |._Q.b.[T. ..'.M
  0050  1b 23 16 02 e8 e9 16 1f e7 cd 90 11 8d 43 ef 66  .#...........C.f
  0060  76 0f 0e 14                                      v...

[       OK ] HexdumpTest.allTest (0 ms)
[----------] 1 test from HexdumpTest (0 ms total)

[----------] Global test environment tear-down
[==========] 18 tests from 11 test cases ran. (5004 ms total)
[  PASSED  ] 18 tests.
PASS: unittest.sh
=============
1 test passed
=============
make[3]: Leaving directory `/var/jenkins_home/workspace/soil_master-334BU6HP7ZUDNTUBIASDDTBNNUA6574M64EMF5MPSIEEUZV6SRLQ/utest'
make[2]: Leaving directory `/var/jenkins_home/workspace/soil_master-334BU6HP7ZUDNTUBIASDDTBNNUA6574M64EMF5MPSIEEUZV6SRLQ/utest'
make[2]: Entering directory `/var/jenkins_home/workspace/soil_master-334BU6HP7ZUDNTUBIASDDTBNNUA6574M64EMF5MPSIEEUZV6SRLQ'
make[2]: Nothing to be done for `check-am'.
make[2]: Leaving directory `/var/jenkins_home/workspace/soil_master-334BU6HP7ZUDNTUBIASDDTBNNUA6574M64EMF5MPSIEEUZV6SRLQ'
make[1]: Leaving directory `/var/jenkins_home/workspace/soil_master-334BU6HP7ZUDNTUBIASDDTBNNUA6574M64EMF5MPSIEEUZV6SRLQ'
make  generate-coverage-html
make[1]: Entering directory `/var/jenkins_home/workspace/soil_master-334BU6HP7ZUDNTUBIASDDTBNNUA6574M64EMF5MPSIEEUZV6SRLQ'
Collecting coverage data with lcov
lcov --gcov-tool gcov --directory . --capture --output-file coverage.info --no-checksum --compat-libtool --no-external
Capturing coverage data from .
Found gcov version: 4.8.2
Scanning . for .gcda files ...
geninfo: WARNING: no .gcda files found in . - skipping!
Finished .info-file creation
lcov --remove coverage.info "/usr*" -o coverage.info
lcov: ERROR: no valid records found in tracefile coverage.info
Reading tracefile coverage.info
make[1]: *** [generate-coverage-html] Error 255
make[1]: Leaving directory `/var/jenkins_home/workspace/soil_master-334BU6HP7ZUDNTUBIASDDTBNNUA6574M64EMF5MPSIEEUZV6SRLQ'
make: *** [coverage-html] Error 2
