Started by user [8mha:////4NTAXxzDt9vvRP8JC+uK4zTJ0PochUY28rlesuP+btu9AAAAlR+LCAAAAAAAAP9b85aBtbiIQTGjNKU4P08vOT+vOD8nVc83PyU1x6OyILUoJzMv2y+/JJUBAhiZGBgqihhk0NSjKDWzXb3RdlLBUSYGJk8GtpzUvPSSDB8G5tKinBIGIZ+sxLJE/ZzEvHT94JKizLx0a6BxUmjGOUNodHsLgAyuEgZO/dLi1CL9nJwsAPHZlDK+AAAA[0mlilinjiang
[8mha:////4DoV9ueqly0qmAb/65WObtVHcsNi7fOomobbIKYJS92SAAAAhB+LCAAAAAAAAP9b85aBtbiIwSa/KF0vKzUvOzOvODlTryCnNB3I0kvPLMkoTYpPKkrMS86IL84vLUpO1XPPLPEoTXLOzyvOz0n1yy9JZYAARiYGRi8GzpLM3NTiksTcgooiBqmM0pTi/Dy9ZIhiPayaGCoKgHTC1uvnagGePr5hjgAAAA==[0mConnecting to https://api.github.com using llj/****** (GitHub Access Token)
Obtained Jenkinsfile from 286cd146faaf3fa08352c6c32f948dc99941d37c

GitHub has been notified of this commitâ€™s build result

org.codehaus.groovy.control.MultipleCompilationErrorsException: startup failed:
WorkflowScript: 23: Multiple occurrences of the stages section @ line 23, column 3.
     stages('SonarQube analysis') {
     ^

WorkflowScript: 24: Expected a stage @ line 24, column 5.
       steps {
       ^

WorkflowScript: 23: No stages specified @ line 23, column 3.
     stages('SonarQube analysis') {
     ^

3 errors

	at org.codehaus.groovy.control.ErrorCollector.failIfErrors(ErrorCollector.java:310)
	at org.codehaus.groovy.control.CompilationUnit.applyToPrimaryClassNodes(CompilationUnit.java:1085)
	at org.codehaus.groovy.control.CompilationUnit.doPhaseOperation(CompilationUnit.java:603)
	at org.codehaus.groovy.control.CompilationUnit.processPhaseOperations(CompilationUnit.java:581)
	at org.codehaus.groovy.control.CompilationUnit.compile(CompilationUnit.java:558)
	at groovy.lang.GroovyClassLoader.doParseClass(GroovyClassLoader.java:298)
	at groovy.lang.GroovyClassLoader.parseClass(GroovyClassLoader.java:268)
	at groovy.lang.GroovyShell.parseClass(GroovyShell.java:688)
	at groovy.lang.GroovyShell.parse(GroovyShell.java:700)
	at org.jenkinsci.plugins.workflow.cps.CpsGroovyShell.doParse(CpsGroovyShell.java:129)
	at org.jenkinsci.plugins.workflow.cps.CpsGroovyShell.reparse(CpsGroovyShell.java:123)
	at org.jenkinsci.plugins.workflow.cps.CpsFlowExecution.parseScript(CpsFlowExecution.java:517)
	at org.jenkinsci.plugins.workflow.cps.CpsFlowExecution.start(CpsFlowExecution.java:480)
	at org.jenkinsci.plugins.workflow.job.WorkflowRun.run(WorkflowRun.java:268)
	at hudson.model.ResourceController.execute(ResourceController.java:97)
	at hudson.model.Executor.run(Executor.java:421)
Finished: FAILURE
