Branch indexing
[8mha:////4HpmP8Z5raZ+2d9y53PIh8qn0hNid7nohhrEdGlRUjnMAAAAhB+LCAAAAAAAAP9b85aBtbiIwSa/KF0vKzUvOzOvODlTryCnNB3I0kvPLMkoTYpPKkrMS86IL84vLUpO1XPPLPEoTXLOzyvOz0n1yy9JZYAARiYGRi8GzpLM3NTiksTcgooiBqmM0pTi/Dy9ZIhiPayaGCoKgHRCT4YGMwDJOAadjgAAAA==[0mConnecting to https://api.github.com using admin/****** (GitHub Access Token)
Obtained Jenkinsfile from e146dd2197b8d2f94c4165be36614266817ea0f6
[8mha:////4CupLTnhX8OmelEk6AuvuzwlrZI/b3PKCOQUBkKb2gx6AAAAaB+LCAAAAAAAAP9b85aBtbiIwTG/KF0vKzUvOzOvODlTryCnNB3I0ivPL8pOy8kv18vKT9JLzs8rzs9J1QuHCgaV5jlDhPzyS1IZIICRiYGhoohBKqM0pTg/D64Hh8ICAFt0h+h/AAAA[0m[Pipeline] node
Running on [8mha:////4AFFYmcyhX53hBLD440aUbHSV/MhPPZtMzqEYtKnJQOxAAAAnh+LCAAAAAAAAP9b85aBtbiIQTGjNKU4P08vOT+vOD8nVc83PyU1x6OyILUoJzMv2y+/JJUBAhiZGBgqihhk0NSjKDWzXb3RdlLBUSYGJk8GtpzUvPSSDB8G5tKinBIGIZ+sxLJE/ZzEvHT94JKizLx0a6BxUmjGOUNodHsLgAz2EgZh/eT83ILSktQifY3cxGIgrakPAHib2iPIAAAA[0mJenkins in /opt/jenkins/data/workspace/boost_1_58_0_master-7LKKWBGSO4USJ7QUMH3ECSJUSX6OGASR7HC47BL6SVNRCSTZZBIA
[8mha:////4CupLTnhX8OmelEk6AuvuzwlrZI/b3PKCOQUBkKb2gx6AAAAaB+LCAAAAAAAAP9b85aBtbiIwTG/KF0vKzUvOzOvODlTryCnNB3I0ivPL8pOy8kv18vKT9JLzs8rzs9J1QuHCgaV5jlDhPzyS1IZIICRiYGhoohBKqM0pTg/D64Hh8ICAFt0h+h/AAAA[0m[Pipeline] {
[8mha:////4CupLTnhX8OmelEk6AuvuzwlrZI/b3PKCOQUBkKb2gx6AAAAaB+LCAAAAAAAAP9b85aBtbiIwTG/KF0vKzUvOzOvODlTryCnNB3I0ivPL8pOy8kv18vKT9JLzs8rzs9J1QuHCgaV5jlDhPzyS1IZIICRiYGhoohBKqM0pTg/D64Hh8ICAFt0h+h/AAAA[0m[Pipeline] stage
[8mha:////4CupLTnhX8OmelEk6AuvuzwlrZI/b3PKCOQUBkKb2gx6AAAAaB+LCAAAAAAAAP9b85aBtbiIwTG/KF0vKzUvOzOvODlTryCnNB3I0ivPL8pOy8kv18vKT9JLzs8rzs9J1QuHCgaV5jlDhPzyS1IZIICRiYGhoohBKqM0pTg/D64Hh8ICAFt0h+h/AAAA[0m[Pipeline] { (Declarative: Checkout SCM)
[8mha:////4CupLTnhX8OmelEk6AuvuzwlrZI/b3PKCOQUBkKb2gx6AAAAaB+LCAAAAAAAAP9b85aBtbiIwTG/KF0vKzUvOzOvODlTryCnNB3I0ivPL8pOy8kv18vKT9JLzs8rzs9J1QuHCgaV5jlDhPzyS1IZIICRiYGhoohBKqM0pTg/D64Hh8ICAFt0h+h/AAAA[0m[Pipeline] checkout
 > git rev-parse --is-inside-work-tree # timeout=10
Fetching changes from the remote Git repository
 > git config remote.origin.url https://github.com/lilinj2000/boost_1_58_0.git # timeout=10
Fetching without tags
Fetching upstream changes from https://github.com/lilinj2000/boost_1_58_0.git
 > git --version # timeout=10
using GIT_ASKPASS to set credentials GitHub Access Token
 > git fetch --no-tags --progress https://github.com/lilinj2000/boost_1_58_0.git +refs/heads/master:refs/remotes/origin/master
Checking out Revision e146dd2197b8d2f94c4165be36614266817ea0f6 (master)
 > git config core.sparsecheckout # timeout=10
 > git checkout -f e146dd2197b8d2f94c4165be36614266817ea0f6
Commit message: "Added Jenkinsfile"
 > git rev-list --no-walk 80c9a80b26a8b9e82604e986de57fc1cd1de4b50 # timeout=10
[8mha:////4CupLTnhX8OmelEk6AuvuzwlrZI/b3PKCOQUBkKb2gx6AAAAaB+LCAAAAAAAAP9b85aBtbiIwTG/KF0vKzUvOzOvODlTryCnNB3I0ivPL8pOy8kv18vKT9JLzs8rzs9J1QuHCgaV5jlDhPzyS1IZIICRiYGhoohBKqM0pTg/D64Hh8ICAFt0h+h/AAAA[0m[Pipeline] }
[8mha:////4CupLTnhX8OmelEk6AuvuzwlrZI/b3PKCOQUBkKb2gx6AAAAaB+LCAAAAAAAAP9b85aBtbiIwTG/KF0vKzUvOzOvODlTryCnNB3I0ivPL8pOy8kv18vKT9JLzs8rzs9J1QuHCgaV5jlDhPzyS1IZIICRiYGhoohBKqM0pTg/D64Hh8ICAFt0h+h/AAAA[0m[Pipeline] // stage
[8mha:////4CupLTnhX8OmelEk6AuvuzwlrZI/b3PKCOQUBkKb2gx6AAAAaB+LCAAAAAAAAP9b85aBtbiIwTG/KF0vKzUvOzOvODlTryCnNB3I0ivPL8pOy8kv18vKT9JLzs8rzs9J1QuHCgaV5jlDhPzyS1IZIICRiYGhoohBKqM0pTg/D64Hh8ICAFt0h+h/AAAA[0m[Pipeline] withEnv
[8mha:////4CupLTnhX8OmelEk6AuvuzwlrZI/b3PKCOQUBkKb2gx6AAAAaB+LCAAAAAAAAP9b85aBtbiIwTG/KF0vKzUvOzOvODlTryCnNB3I0ivPL8pOy8kv18vKT9JLzs8rzs9J1QuHCgaV5jlDhPzyS1IZIICRiYGhoohBKqM0pTg/D64Hh8ICAFt0h+h/AAAA[0m[Pipeline] {
[8mha:////4CupLTnhX8OmelEk6AuvuzwlrZI/b3PKCOQUBkKb2gx6AAAAaB+LCAAAAAAAAP9b85aBtbiIwTG/KF0vKzUvOzOvODlTryCnNB3I0ivPL8pOy8kv18vKT9JLzs8rzs9J1QuHCgaV5jlDhPzyS1IZIICRiYGhoohBKqM0pTg/D64Hh8ICAFt0h+h/AAAA[0m[Pipeline] stage
[8mha:////4CupLTnhX8OmelEk6AuvuzwlrZI/b3PKCOQUBkKb2gx6AAAAaB+LCAAAAAAAAP9b85aBtbiIwTG/KF0vKzUvOzOvODlTryCnNB3I0ivPL8pOy8kv18vKT9JLzs8rzs9J1QuHCgaV5jlDhPzyS1IZIICRiYGhoohBKqM0pTg/D64Hh8ICAFt0h+h/AAAA[0m[Pipeline] { (build)
[8mha:////4CupLTnhX8OmelEk6AuvuzwlrZI/b3PKCOQUBkKb2gx6AAAAaB+LCAAAAAAAAP9b85aBtbiIwTG/KF0vKzUvOzOvODlTryCnNB3I0ivPL8pOy8kv18vKT9JLzs8rzs9J1QuHCgaV5jlDhPzyS1IZIICRiYGhoohBKqM0pTg/D64Hh8ICAFt0h+h/AAAA[0m[Pipeline] sh
[boost_1_58_0_master-7LKKWBGSO4USJ7QUMH3ECSJUSX6OGASR7HC47BL6SVNRCSTZZBIA] Running shell script
++ sed '--e=s/ /\//'
++ uname -sr
+ kernel=Linux/3.10.0-327.el7.x86_64
+ ./bootstrap.sh --prefix=/opt/jenkins/data/3rd/Linux/3.10.0-327.el7.x86_64/boost
Building Boost.Build engine with toolset gcc... tools/build/src/engine/bin.linuxx86_64/b2
Detecting Python version... 2.7
Detecting Python root... /usr/local
Unicode/ICU support for Boost.Regex?... not found.
Backing up existing Boost.Build configuration in project-config.jam.1
Generating Boost.Build configuration in project-config.jam...

Bootstrapping is done. To build, run:

    ./b2
    
To adjust configuration, edit 'project-config.jam'.
Further information:

   - Command line help:
     ./b2 --help
     
   - Getting started guide: 
     http://www.boost.org/more/getting_started/unix-variants.html
     
   - Boost.Build documentation:
     http://www.boost.org/build/doc/html/index.html

+ ./b2 cxxflags=-std=c++11
Performing configuration checks

    - 32-bit                   : no  (cached)
    - 64-bit                   : yes (cached)
    - arm                      : no  (cached)
    - mips1                    : no  (cached)
    - power                    : no  (cached)
    - sparc                    : no  (cached)
    - x86                      : yes (cached)

Building the Boost C++ Libraries.


    - lockfree boost::atomic_flag : yes (cached)
    - has_icu builds           : no  (cached)
warning: Graph library does not contain MPI-based parallel components.
note: to enable them, add "using mpi ;" to your user-config.jam
    - zlib                     : yes (cached)
    - iconv (libc)             : yes (cached)
    - icu                      : no  (cached)
    - icu (lib64)              : no  (cached)
    - compiler-supports-ssse3  : yes (cached)
    - compiler-supports-avx2   : yes (cached)
    - gcc visibility           : yes (cached)
    - long double support      : yes (cached)
warning: skipping optional Message Passing Interface (MPI) library.
note: to enable MPI support, add "using mpi ;" to user-config.jam.
note: to suppress this message, pass "--without-mpi" to bjam.
note: otherwise, you can safely ignore this message.
    - zlib                     : yes (cached)

Component configuration:

    - atomic                   : building
    - chrono                   : building
    - container                : building
    - context                  : building
    - coroutine                : building
    - date_time                : building
    - exception                : building
    - filesystem               : building
    - graph                    : building
    - graph_parallel           : building
    - iostreams                : building
    - locale                   : building
    - log                      : building
    - math                     : building
    - mpi                      : building
    - program_options          : building
    - python                   : building
    - random                   : building
    - regex                    : building
    - serialization            : building
    - signals                  : building
    - system                   : building
    - test                     : building
    - thread                   : building
    - timer                    : building
    - wave                     : building

...patience...
...patience...
...patience...
...patience...
...patience...
...found 11830 targets...
...updating 11 targets...
gcc.compile.c++ bin.v2/libs/context/build/gcc-4.8.2/release/threading-multi/execution_context.o
In file included from libs/context/src/execution_context.cpp:11:0:
./boost/context/execution_context.hpp:202:52: error: 'std::index_sequence' has not been declared
                                               std::index_sequence< I ... >) {
                                                    ^
./boost/context/execution_context.hpp:202:66: error: expected ',' or '...' before '<' token
                                               std::index_sequence< I ... >) {
                                                                  ^
./boost/context/execution_context.hpp:219:52: error: 'std::index_sequence' has not been declared
                                               std::index_sequence< I ... >) {
                                                    ^
./boost/context/execution_context.hpp:219:66: error: expected ',' or '...' before '<' token
                                               std::index_sequence< I ... >) {
                                                                  ^
./boost/context/execution_context.hpp: In constructor 'boost::context::execution_context::execution_context(StackAlloc, Fn&&, Args&& ...)':
./boost/context/execution_context.hpp:267:39: error: 'index_sequence_for' is not a member of 'std'
                                       std::index_sequence_for< Args ... >() ) ) {
                                       ^
./boost/context/execution_context.hpp:267:69: error: expected primary-expression before '...' token
                                       std::index_sequence_for< Args ... >() ) ) {
                                                                     ^
./boost/context/execution_context.hpp: In constructor 'boost::context::execution_context::execution_context(boost::context::preallocated, StackAlloc, Fn&&, Args&& ...)':
./boost/context/execution_context.hpp:275:39: error: 'index_sequence_for' is not a member of 'std'
                                       std::index_sequence_for< Args ... >() ) ) {
                                       ^
./boost/context/execution_context.hpp:275:69: error: expected primary-expression before '...' token
                                       std::index_sequence_for< Args ... >() ) ) {
                                                                     ^

    "g++"  -ftemplate-depth-128 -O3 -finline-functions -Wno-inline -Wall -pthread -fPIC -m64 -std=c++11 -DBOOST_ALL_NO_LIB=1 -DBOOST_CHRONO_DYN_LINK=1 -DBOOST_CONTEXT_DYN_LINK=1 -DBOOST_CONTEXT_SOURCE -DBOOST_SYSTEM_DYN_LINK=1 -DBOOST_SYSTEM_NO_DEPRECATED -DBOOST_THREAD_BUILD_DLL=1 -DBOOST_THREAD_POSIX -DBOOST_THREAD_USE_DLL=1 -DNDEBUG  -I"." -c -o "bin.v2/libs/context/build/gcc-4.8.2/release/threading-multi/execution_context.o" "libs/context/src/execution_context.cpp"

...failed gcc.compile.c++ bin.v2/libs/context/build/gcc-4.8.2/release/threading-multi/execution_context.o...
...skipped <pbin.v2/libs/context/build/gcc-4.8.2/release/threading-multi>libboost_context.so.1.58.0 for lack of <pbin.v2/libs/context/build/gcc-4.8.2/release/threading-multi>execution_context.o...
...skipped <pstage/lib>libboost_context.so.1.58.0 for lack of <pbin.v2/libs/context/build/gcc-4.8.2/release/threading-multi>libboost_context.so.1.58.0...
...skipped <pstage/lib>libboost_context.so for lack of <pstage/lib>libboost_context.so.1.58.0...
...skipped <pbin.v2/libs/coroutine/build/gcc-4.8.2/release/threading-multi>libboost_coroutine.so.1.58.0 for lack of <pbin.v2/libs/context/build/gcc-4.8.2/release/threading-multi>libboost_context.so.1.58.0...
...skipped <pstage/lib>libboost_coroutine.so.1.58.0 for lack of <pbin.v2/libs/coroutine/build/gcc-4.8.2/release/threading-multi>libboost_coroutine.so.1.58.0...
...skipped <pstage/lib>libboost_coroutine.so for lack of <pstage/lib>libboost_coroutine.so.1.58.0...
gcc.compile.c++ bin.v2/libs/context/build/gcc-4.8.2/release/link-static/threading-multi/execution_context.o
In file included from libs/context/src/execution_context.cpp:11:0:
./boost/context/execution_context.hpp:202:52: error: 'std::index_sequence' has not been declared
                                               std::index_sequence< I ... >) {
                                                    ^
./boost/context/execution_context.hpp:202:66: error: expected ',' or '...' before '<' token
                                               std::index_sequence< I ... >) {
                                                                  ^
./boost/context/execution_context.hpp:219:52: error: 'std::index_sequence' has not been declared
                                               std::index_sequence< I ... >) {
                                                    ^
./boost/context/execution_context.hpp:219:66: error: expected ',' or '...' before '<' token
                                               std::index_sequence< I ... >) {
                                                                  ^
./boost/context/execution_context.hpp: In constructor 'boost::context::execution_context::execution_context(StackAlloc, Fn&&, Args&& ...)':
./boost/context/execution_context.hpp:267:39: error: 'index_sequence_for' is not a member of 'std'
                                       std::index_sequence_for< Args ... >() ) ) {
                                       ^
./boost/context/execution_context.hpp:267:69: error: expected primary-expression before '...' token
                                       std::index_sequence_for< Args ... >() ) ) {
                                                                     ^
./boost/context/execution_context.hpp: In constructor 'boost::context::execution_context::execution_context(boost::context::preallocated, StackAlloc, Fn&&, Args&& ...)':
./boost/context/execution_context.hpp:275:39: error: 'index_sequence_for' is not a member of 'std'
                                       std::index_sequence_for< Args ... >() ) ) {
                                       ^
./boost/context/execution_context.hpp:275:69: error: expected primary-expression before '...' token
                                       std::index_sequence_for< Args ... >() ) ) {
                                                                     ^

    "g++"  -ftemplate-depth-128 -O3 -finline-functions -Wno-inline -Wall -pthread -m64 -std=c++11 -DBOOST_ALL_NO_LIB=1 -DBOOST_CHRONO_STATIC_LINK=1 -DBOOST_CONTEXT_SOURCE -DBOOST_SYSTEM_NO_DEPRECATED -DBOOST_SYSTEM_STATIC_LINK=1 -DBOOST_THREAD_BUILD_LIB=1 -DBOOST_THREAD_POSIX -DBOOST_THREAD_USE_LIB=1 -DNDEBUG  -I"." -c -o "bin.v2/libs/context/build/gcc-4.8.2/release/link-static/threading-multi/execution_context.o" "libs/context/src/execution_context.cpp"

...failed gcc.compile.c++ bin.v2/libs/context/build/gcc-4.8.2/release/link-static/threading-multi/execution_context.o...
...skipped <pbin.v2/libs/context/build/gcc-4.8.2/release/link-static/threading-multi>libboost_context.a(clean) for lack of <pbin.v2/libs/context/build/gcc-4.8.2/release/link-static/threading-multi>execution_context.o...
...skipped <pbin.v2/libs/context/build/gcc-4.8.2/release/link-static/threading-multi>libboost_context.a for lack of <pbin.v2/libs/context/build/gcc-4.8.2/release/link-static/threading-multi>execution_context.o...
...skipped <pstage/lib>libboost_context.a for lack of <pbin.v2/libs/context/build/gcc-4.8.2/release/link-static/threading-multi>libboost_context.a...
...failed updating 2 targets...
...skipped 9 targets...
[8mha:////4CupLTnhX8OmelEk6AuvuzwlrZI/b3PKCOQUBkKb2gx6AAAAaB+LCAAAAAAAAP9b85aBtbiIwTG/KF0vKzUvOzOvODlTryCnNB3I0ivPL8pOy8kv18vKT9JLzs8rzs9J1QuHCgaV5jlDhPzyS1IZIICRiYGhoohBKqM0pTg/D64Hh8ICAFt0h+h/AAAA[0m[Pipeline] }
[8mha:////4CupLTnhX8OmelEk6AuvuzwlrZI/b3PKCOQUBkKb2gx6AAAAaB+LCAAAAAAAAP9b85aBtbiIwTG/KF0vKzUvOzOvODlTryCnNB3I0ivPL8pOy8kv18vKT9JLzs8rzs9J1QuHCgaV5jlDhPzyS1IZIICRiYGhoohBKqM0pTg/D64Hh8ICAFt0h+h/AAAA[0m[Pipeline] // stage
[8mha:////4CupLTnhX8OmelEk6AuvuzwlrZI/b3PKCOQUBkKb2gx6AAAAaB+LCAAAAAAAAP9b85aBtbiIwTG/KF0vKzUvOzOvODlTryCnNB3I0ivPL8pOy8kv18vKT9JLzs8rzs9J1QuHCgaV5jlDhPzyS1IZIICRiYGhoohBKqM0pTg/D64Hh8ICAFt0h+h/AAAA[0m[Pipeline] stage
[8mha:////4CupLTnhX8OmelEk6AuvuzwlrZI/b3PKCOQUBkKb2gx6AAAAaB+LCAAAAAAAAP9b85aBtbiIwTG/KF0vKzUvOzOvODlTryCnNB3I0ivPL8pOy8kv18vKT9JLzs8rzs9J1QuHCgaV5jlDhPzyS1IZIICRiYGhoohBKqM0pTg/D64Hh8ICAFt0h+h/AAAA[0m[Pipeline] { (install)
Stage 'install' skipped due to earlier failure(s)
[8mha:////4CupLTnhX8OmelEk6AuvuzwlrZI/b3PKCOQUBkKb2gx6AAAAaB+LCAAAAAAAAP9b85aBtbiIwTG/KF0vKzUvOzOvODlTryCnNB3I0ivPL8pOy8kv18vKT9JLzs8rzs9J1QuHCgaV5jlDhPzyS1IZIICRiYGhoohBKqM0pTg/D64Hh8ICAFt0h+h/AAAA[0m[Pipeline] }
[8mha:////4CupLTnhX8OmelEk6AuvuzwlrZI/b3PKCOQUBkKb2gx6AAAAaB+LCAAAAAAAAP9b85aBtbiIwTG/KF0vKzUvOzOvODlTryCnNB3I0ivPL8pOy8kv18vKT9JLzs8rzs9J1QuHCgaV5jlDhPzyS1IZIICRiYGhoohBKqM0pTg/D64Hh8ICAFt0h+h/AAAA[0m[Pipeline] // stage
[8mha:////4CupLTnhX8OmelEk6AuvuzwlrZI/b3PKCOQUBkKb2gx6AAAAaB+LCAAAAAAAAP9b85aBtbiIwTG/KF0vKzUvOzOvODlTryCnNB3I0ivPL8pOy8kv18vKT9JLzs8rzs9J1QuHCgaV5jlDhPzyS1IZIICRiYGhoohBKqM0pTg/D64Hh8ICAFt0h+h/AAAA[0m[Pipeline] }
[8mha:////4CupLTnhX8OmelEk6AuvuzwlrZI/b3PKCOQUBkKb2gx6AAAAaB+LCAAAAAAAAP9b85aBtbiIwTG/KF0vKzUvOzOvODlTryCnNB3I0ivPL8pOy8kv18vKT9JLzs8rzs9J1QuHCgaV5jlDhPzyS1IZIICRiYGhoohBKqM0pTg/D64Hh8ICAFt0h+h/AAAA[0m[Pipeline] // withEnv
[8mha:////4CupLTnhX8OmelEk6AuvuzwlrZI/b3PKCOQUBkKb2gx6AAAAaB+LCAAAAAAAAP9b85aBtbiIwTG/KF0vKzUvOzOvODlTryCnNB3I0ivPL8pOy8kv18vKT9JLzs8rzs9J1QuHCgaV5jlDhPzyS1IZIICRiYGhoohBKqM0pTg/D64Hh8ICAFt0h+h/AAAA[0m[Pipeline] }
[8mha:////4CupLTnhX8OmelEk6AuvuzwlrZI/b3PKCOQUBkKb2gx6AAAAaB+LCAAAAAAAAP9b85aBtbiIwTG/KF0vKzUvOzOvODlTryCnNB3I0ivPL8pOy8kv18vKT9JLzs8rzs9J1QuHCgaV5jlDhPzyS1IZIICRiYGhoohBKqM0pTg/D64Hh8ICAFt0h+h/AAAA[0m[Pipeline] // node
[8mha:////4CupLTnhX8OmelEk6AuvuzwlrZI/b3PKCOQUBkKb2gx6AAAAaB+LCAAAAAAAAP9b85aBtbiIwTG/KF0vKzUvOzOvODlTryCnNB3I0ivPL8pOy8kv18vKT9JLzs8rzs9J1QuHCgaV5jlDhPzyS1IZIICRiYGhoohBKqM0pTg/D64Hh8ICAFt0h+h/AAAA[0m[Pipeline] End of Pipeline

GitHub has been notified of this commit?s build result

ERROR: script returned exit code 1
[8mha:////4BadZIVfBPZhaJv7BC3txo1jPdp+aRWcBKJWVTAF78ZxAAAAVx+LCAAAAAAAAP9b85aBtbiIQSmjNKU4P08vOT+vOD8nVc8DzHWtSE4tKMnMz/PLL0mV3NWzufebKBsTA0NFEYMUmgZnCA1SyAABjCCFBQC2xNaiYAAAAA==[0mFinished: FAILURE
