Branch indexing
[8mha:////4Kgb36O2Gzb44lWkz+Aq51YXVzdCmNTKVmtDnxzOfUR3AAAAhB+LCAAAAAAAAP9b85aBtbiIwSa/KF0vKzUvOzOvODlTryCnNB3I0kvPLMkoTYpPKkrMS86IL84vLUpO1XPPLPEoTXLOzyvOz0n1yy9JZYAARiYGRi8GzpLM3NTiksTcgooiBqmM0pTi/Dy9ZIhiPayaGCoKgHTCggemdgB6QsA/jgAAAA==[0mConnecting to https://api.github.com using llj/****** (GitHub Access Token)
Obtained Jenkinsfile from a2815525e36dd48c977b2abc78db3f4a3ce8af53

GitHub has been notified of this commitâ€™s build result

org.codehaus.groovy.control.MultipleCompilationErrorsException: startup failed:
WorkflowScript: 11: Not a valid stage section definition: "def scannerHome = tool 'SonarQube Scanner 2.8'". Some extra configuration is required. @ line 11, column 2.
    stage('SonarQube analysis') {
    ^

WorkflowScript: 11: Unknown stage section "withSonarQubeEnv". Starting with version 0.5, steps in a stage must be in a steps block. @ line 11, column 2.
    stage('SonarQube analysis') {
    ^

WorkflowScript: 11: No "steps" or "parallel" to execute within stage "SonarQube analysis" @ line 11, column 2.
    stage('SonarQube analysis') {
    ^

3 errors

	at org.codehaus.groovy.control.ErrorCollector.failIfErrors(ErrorCollector.java:310)
	at org.codehaus.groovy.control.CompilationUnit.applyToPrimaryClassNodes(CompilationUnit.java:1085)
	at org.codehaus.groovy.control.CompilationUnit.doPhaseOperation(CompilationUnit.java:603)
	at org.codehaus.groovy.control.CompilationUnit.processPhaseOperations(CompilationUnit.java:581)
	at org.codehaus.groovy.control.CompilationUnit.compile(CompilationUnit.java:558)
	at groovy.lang.GroovyClassLoader.doParseClass(GroovyClassLoader.java:298)
	at groovy.lang.GroovyClassLoader.parseClass(GroovyClassLoader.java:268)
	at groovy.lang.GroovyShell.parseClass(GroovyShell.java:688)
	at groovy.lang.GroovyShell.parse(GroovyShell.java:700)
	at org.jenkinsci.plugins.workflow.cps.CpsGroovyShell.doParse(CpsGroovyShell.java:129)
	at org.jenkinsci.plugins.workflow.cps.CpsGroovyShell.reparse(CpsGroovyShell.java:123)
	at org.jenkinsci.plugins.workflow.cps.CpsFlowExecution.parseScript(CpsFlowExecution.java:517)
	at org.jenkinsci.plugins.workflow.cps.CpsFlowExecution.start(CpsFlowExecution.java:480)
	at org.jenkinsci.plugins.workflow.job.WorkflowRun.run(WorkflowRun.java:268)
	at hudson.model.ResourceController.execute(ResourceController.java:97)
	at hudson.model.Executor.run(Executor.java:421)
Finished: FAILURE
